<?xml version="1.0" encoding="UTF-8"?>
<!-- Generated by org.testng.reporters.JUnitReportReporter -->
<testsuite hostname="LTUS140504" failures="0" tests="11" name="seleniumgenc.SeleniumPracticeTekstacShopifyTests" time="24.612" errors="0" timestamp="22 Mar 2021 16:21:42 GMT">
  <testcase classname="seleniumgenc.SeleniumPracticeTekstacShopifyTests" name="fillOutFormAndSubmitTableCheck" time="1.831"/>
  <testcase classname="seleniumgenc.SeleniumPracticeTekstacShopifyTests" name="errorForNoFieldsAndSubmit" time="2.021"/>
  <testcase classname="seleniumgenc.SeleniumPracticeTekstacShopifyTests" name="fillOutFormAndSubmitTableCheck" time="1.864"/>
  <testcase classname="seleniumgenc.SeleniumPracticeTekstacShopifyTests" name="errorForNoFieldsAndSubmit" time="1.822"/>
  <testcase classname="seleniumgenc.SeleniumPracticeTekstacShopifyTests" name="errorForNoFieldsAndSubmit" time="1.788"/>
  <testcase classname="seleniumgenc.SeleniumPracticeTekstacShopifyTests" name="apachePOITest" time="2.264"/>
  <testcase classname="seleniumgenc.SeleniumPracticeTekstacShopifyTests" name="shopifyRegisterFormContainsAllFields" time="1.650"/>
  <testcase classname="seleniumgenc.SeleniumPracticeTekstacShopifyTests" name="shopifyRegisterFormFieldsEnabled" time="5.952"/>
  <testcase classname="seleniumgenc.SeleniumPracticeTekstacShopifyTests" name="errorForNoFieldsAndSubmit" time="1.859"/>
  <testcase classname="seleniumgenc.SeleniumPracticeTekstacShopifyTests" name="errorForNoFieldsAndSubmit" time="1.789"/>
  <testcase classname="seleniumgenc.SeleniumPracticeTekstacShopifyTests" name="errorForNoFieldsAndSubmit" time="1.772"/>
</testsuite> <!-- seleniumgenc.SeleniumPracticeTekstacShopifyTests -->
